# JRE version: Java(TM) SE Runtime Environment (17.0.12+8) (build 17.0.12+8-LTS-286)
# Java VM: Java HotSpot(TM) 64-Bit Server VM (17.0.12+8-LTS-286, mixed mode, sharing, tiered, compressed oops, compressed class ptrs, g1 gc, windows-amd64)
GC Precious Log:
 CPUs: 4 total, 4 available
 Memory: 7823M
 Large Page Support: Disabled
 NUMA Support: Disabled
 Compressed Oops: Enabled (32-bit)
 Heap Region Size: 1M
 Heap Min Capacity: 8M
 Heap Initial Capacity: 124M
 Heap Max Capacity: 1956M
 Pre-touch: Disabled
 Parallel Workers: 4
 Concurrent Workers: 1
 Concurrent Refinement Workers: 4
 Periodic GC: Disabled
Heap:
 garbage-first heap   total 61440K, used 45028K [0x0000000085c00000, 0x0000000100000000)
  region size 1024K, 14 young (14336K), 2 survivors (2048K)
 Metaspace       used 74042K, committed 74624K, reserved 1114112K
  class space    used 10490K, committed 10752K, reserved 1048576K
GC Heap History (20 events):
Event: 15.254 GC heap before
{Heap before GC invocations=15 (full 0):
 garbage-first heap   total 55296K, used 42195K [0x0000000085c00000, 0x0000000100000000)
  region size 1024K, 21 young (21504K), 2 survivors (2048K)
 Metaspace       used 56049K, committed 56640K, reserved 1114112K
  class space    used 7665K, committed 7936K, reserved 1048576K
}
Event: 15.263 GC heap after
{Heap after GC invocations=16 (full 0):
 garbage-first heap   total 55296K, used 25084K [0x0000000085c00000, 0x0000000100000000)
  region size 1024K, 2 young (2048K), 2 survivors (2048K)
 Metaspace       used 56049K, committed 56640K, reserved 1114112K
  class space    used 7665K, committed 7936K, reserved 1048576K
}
Event: 16.224 GC heap before
{Heap before GC invocations=16 (full 0):
 garbage-first heap   total 55296K, used 43516K [0x0000000085c00000, 0x0000000100000000)
  region size 1024K, 20 young (20480K), 2 survivors (2048K)
 Metaspace       used 59802K, committed 60416K, reserved 1114112K
  class space    used 8189K, committed 8448K, reserved 1048576K
}
Event: 16.231 GC heap after
{Heap after GC invocations=17 (full 0):
 garbage-first heap   total 55296K, used 26411K [0x0000000085c00000, 0x0000000100000000)
  region size 1024K, 3 young (3072K), 3 survivors (3072K)
 Metaspace       used 59802K, committed 60416K, reserved 1114112K
  class space    used 8189K, committed 8448K, reserved 1048576K
}
Event: 16.259 GC heap before
{Heap before GC invocations=17 (full 0):
 garbage-first heap   total 55296K, used 26411K [0x0000000085c00000, 0x0000000100000000)
  region size 1024K, 4 young (4096K), 3 survivors (3072K)
 Metaspace       used 59917K, committed 60480K, reserved 1114112K
  class space    used 8223K, committed 8448K, reserved 1048576K
}
Event: 16.266 GC heap after
{Heap after GC invocations=18 (full 0):
 garbage-first heap   total 55296K, used 26523K [0x0000000085c00000, 0x0000000100000000)
  region size 1024K, 2 young (2048K), 2 survivors (2048K)
 Metaspace       used 59917K, committed 60480K, reserved 1114112K
  class space    used 8223K, committed 8448K, reserved 1048576K
}
Event: 16.785 GC heap before
{Heap before GC invocations=19 (full 0):
 garbage-first heap   total 55296K, used 43931K [0x0000000085c00000, 0x0000000100000000)
  region size 1024K, 19 young (19456K), 2 survivors (2048K)
 Metaspace       used 60758K, committed 61376K, reserved 1114112K
  class space    used 8491K, committed 8768K, reserved 1048576K
}
Event: 16.792 GC heap after
{Heap after GC invocations=20 (full 0):
 garbage-first heap   total 55296K, used 27460K [0x0000000085c00000, 0x0000000100000000)
  region size 1024K, 3 young (3072K), 3 survivors (3072K)
 Metaspace       used 60758K, committed 61376K, reserved 1114112K
  class space    used 8491K, committed 8768K, reserved 1048576K
}
Event: 16.807 GC heap before
{Heap before GC invocations=20 (full 0):
 garbage-first heap   total 55296K, used 28484K [0x0000000085c00000, 0x0000000100000000)
  region size 1024K, 4 young (4096K), 3 survivors (3072K)
 Metaspace       used 60760K, committed 61376K, reserved 1114112K
  class space    used 8491K, committed 8768K, reserved 1048576K
}
Event: 16.815 GC heap after
{Heap after GC invocations=21 (full 0):
 garbage-first heap   total 55296K, used 27664K [0x0000000085c00000, 0x0000000100000000)
  region size 1024K, 1 young (1024K), 1 survivors (1024K)
 Metaspace       used 60760K, committed 61376K, reserved 1114112K
  class space    used 8491K, committed 8768K, reserved 1048576K
}
Event: 17.155 GC heap before
{Heap before GC invocations=21 (full 0):
 garbage-first heap   total 55296K, used 43024K [0x0000000085c00000, 0x0000000100000000)
  region size 1024K, 17 young (17408K), 1 survivors (1024K)
 Metaspace       used 62473K, committed 62976K, reserved 1114112K
  class space    used 8866K, committed 9088K, reserved 1048576K
}
Event: 17.158 GC heap after
{Heap after GC invocations=22 (full 0):
 garbage-first heap   total 55296K, used 28276K [0x0000000085c00000, 0x0000000100000000)
  region size 1024K, 2 young (2048K), 2 survivors (2048K)
 Metaspace       used 62473K, committed 62976K, reserved 1114112K
  class space    used 8866K, committed 9088K, reserved 1048576K
}
Event: 17.357 GC heap before
{Heap before GC invocations=23 (full 0):
 garbage-first heap   total 61440K, used 42612K [0x0000000085c00000, 0x0000000100000000)
  region size 1024K, 17 young (17408K), 2 survivors (2048K)
 Metaspace       used 62686K, committed 63232K, reserved 1114112K
  class space    used 8866K, committed 9088K, reserved 1048576K
}
Event: 17.360 GC heap after
{Heap after GC invocations=24 (full 0):
 garbage-first heap   total 61440K, used 28944K [0x0000000085c00000, 0x0000000100000000)
  region size 1024K, 2 young (2048K), 2 survivors (2048K)
 Metaspace       used 62686K, committed 63232K, reserved 1114112K
  class space    used 8866K, committed 9088K, reserved 1048576K
}
Event: 18.292 GC heap before
{Heap before GC invocations=24 (full 0):
 garbage-first heap   total 61440K, used 50448K [0x0000000085c00000, 0x0000000100000000)
  region size 1024K, 23 young (23552K), 2 survivors (2048K)
 Metaspace       used 66043K, committed 66624K, reserved 1114112K
  class space    used 9391K, committed 9664K, reserved 1048576K
}
Event: 18.303 GC heap after
{Heap after GC invocations=25 (full 0):
 garbage-first heap   total 61440K, used 30580K [0x0000000085c00000, 0x0000000100000000)
  region size 1024K, 3 young (3072K), 3 survivors (3072K)
 Metaspace       used 66043K, committed 66624K, reserved 1114112K
  class space    used 9391K, committed 9664K, reserved 1048576K
}
Event: 19.527 GC heap before
{Heap before GC invocations=26 (full 0):
 garbage-first heap   total 61440K, used 49012K [0x0000000085c00000, 0x0000000100000000)
  region size 1024K, 21 young (21504K), 3 survivors (3072K)
 Metaspace       used 68741K, committed 69376K, reserved 1114112K
  class space    used 9764K, committed 10048K, reserved 1048576K
}
Event: 19.538 GC heap after
{Heap after GC invocations=27 (full 0):
 garbage-first heap   total 61440K, used 32462K [0x0000000085c00000, 0x0000000100000000)
  region size 1024K, 2 young (2048K), 2 survivors (2048K)
 Metaspace       used 68741K, committed 69376K, reserved 1114112K
  class space    used 9764K, committed 10048K, reserved 1048576K
}
Event: 56.632 GC heap before
{Heap before GC invocations=27 (full 0):
 garbage-first heap   total 61440K, used 49870K [0x0000000085c00000, 0x0000000100000000)
  region size 1024K, 19 young (19456K), 2 survivors (2048K)
 Metaspace       used 71677K, committed 72256K, reserved 1114112K
  class space    used 10159K, committed 10432K, reserved 1048576K
}
Event: 56.643 GC heap after
{Heap after GC invocations=28 (full 0):
 garbage-first heap   total 61440K, used 33764K [0x0000000085c00000, 0x0000000100000000)
  region size 1024K, 2 young (2048K), 2 survivors (2048K)
 Metaspace       used 71677K, committed 72256K, reserved 1114112K
  class space    used 10159K, committed 10432K, reserved 1048576K
}

